<?xml version="1.0" encoding="UTF-8"?>
<testsuite xmlns:xsi="http://www.w3.org/2001/XMLSchema-instance" xsi:noNamespaceSchemaLocation="https://maven.apache.org/surefire/maven-surefire-plugin/xsd/surefire-test-report-3.0.xsd" version="3.0" name="com.sameneed.service.MatchingServiceTest" time="0.012" tests="4" errors="0" skipped="0" failures="0">
  <properties>
[...]
</properties>
  <testcase name="testFindCompatibleRequests_emptyWithNullDate" classname="com.sameneed.service.MatchingServiceTest" time="0.006"/>
  <testcase name="testFindCompatibleRequests_emptyWithZeroServiceId" classname="com.sameneed.service.MatchingServiceTest" time="0.001"/>
  <testcase name="testFindCompatibleRequests_emptyWithBlankLocality" classname="com.sameneed.service.MatchingServiceTest" time="0.001"/>
  <testcase name="testFindCompatibleRequests_emptyWithNullLocality" classname="com.sameneed.service.MatchingServiceTest" time="0.001"/>
</testsuite>